<?xml version="1.0" encoding="UTF-8"?>
<!-- Generated by org.testng.reporters.JUnitXMLReporter -->
<testsuite ignored="0" hostname="BLRL-DL95S73" failures="0" tests="5" name="Default test" time="37.29" errors="0" timestamp="2021-08-14T16:36:41 IST">
  <testcase classname="com.sg.test.LoginTest" name="InvalidCredentailsTest" time="1.278"/>
  <testcase classname="com.sg.test.LoginTest" name="InvalidCredentailsTest" time="1.211"/>
  <testcase classname="com.sg.test.LoginTest" name="validCredentailsTest" time="3.466"/>
  <testcase classname="com.sg.test.LoginTest" name="validCredentailsTest" time="3.442"/>
  <testcase classname="com.sg.test.LoginTest" name="validCredentailsTest" time="3.54"/>
</testsuite> <!-- Default test -->
