<?xml version="1.0" encoding="UTF-8"?>
<!-- Generated by org.testng.reporters.JUnitXMLReporter -->
<testsuite ignored="1" hostname="BLRL-DL95S73" failures="0" tests="1" name="Default test" time="7.89" errors="0" timestamp="2021-08-14T11:28:17 IST">
  <testcase classname="com.sg.test.LoginTest" name="validCredentailsTest" time="3.429"/>
  <testcase classname="com.sg.test.LoginTest" name="InvalidCredentailsTest" time="0.0">
    <ignored/>
  </testcase> <!-- InvalidCredentailsTest -->
</testsuite> <!-- Default test -->
