<?xml version="1.0" encoding="UTF-8"?>
<!-- Generated by org.testng.reporters.JUnitXMLReporter -->
<testsuite ignored="0" hostname="BLRL-DL95S73" failures="0" tests="5" name="Test" time="49.526" errors="0" timestamp="2021-08-14T17:20:35 IST">
  <testcase classname="com.sg.test.LoginTest" name="InvalidCredentailsTest" time="1.41"/>
  <testcase classname="com.sg.test.LoginTest" name="InvalidCredentailsTest" time="1.355"/>
  <testcase classname="com.sg.test.LoginTest" name="validCredentailsTest" time="3.511"/>
  <testcase classname="com.sg.test.LoginTest" name="validCredentailsTest" time="3.457"/>
  <testcase classname="com.sg.test.LoginTest" name="validCredentailsTest" time="3.345"/>
</testsuite> <!-- Test -->
