<?xml version="1.0" encoding="UTF-8"?>
<testng-results ignored="0" total="2" passed="2" failed="0" skipped="0">
  <reporter-output>
  </reporter-output>
  <suite started-at="2021-08-13T17:26:58 IST" name="Default suite" finished-at="2021-08-13T17:27:15 IST" duration-ms="17367">
    <groups>
    </groups>
    <test started-at="2021-08-13T17:26:58 IST" name="Default test" finished-at="2021-08-13T17:27:15 IST" duration-ms="17367">
      <class name="com.sg.test.LoginTest">
        <test-method is-config="true" signature="setup()[pri:0, instance:com.sg.test.LoginTest@34f5090e]" started-at="2021-08-13T17:26:58 IST" name="setup" finished-at="2021-08-13T17:27:04 IST" duration-ms="5836" status="PASS">
          <reporter-output>
          </reporter-output>
        </test-method> <!-- setup -->
        <test-method signature="InvalidCredentailsTest()[pri:0, instance:com.sg.test.LoginTest@34f5090e]" started-at="2021-08-13T17:27:04 IST" name="InvalidCredentailsTest" finished-at="2021-08-13T17:27:05 IST" duration-ms="1654" status="PASS">
          <reporter-output>
          </reporter-output>
        </test-method> <!-- InvalidCredentailsTest -->
        <test-method is-config="true" signature="tearDown()[pri:0, instance:com.sg.test.LoginTest@34f5090e]" started-at="2021-08-13T17:27:05 IST" name="tearDown" finished-at="2021-08-13T17:27:06 IST" duration-ms="159" status="PASS">
          <reporter-output>
          </reporter-output>
        </test-method> <!-- tearDown -->
        <test-method is-config="true" signature="setup()[pri:0, instance:com.sg.test.LoginTest@34f5090e]" started-at="2021-08-13T17:27:06 IST" name="setup" finished-at="2021-08-13T17:27:11 IST" duration-ms="5566" status="PASS">
          <reporter-output>
          </reporter-output>
        </test-method> <!-- setup -->
        <test-method signature="validCredentailsTest()[pri:0, instance:com.sg.test.LoginTest@34f5090e]" started-at="2021-08-13T17:27:11 IST" name="validCredentailsTest" finished-at="2021-08-13T17:27:15 IST" duration-ms="4004" status="PASS">
          <reporter-output>
          </reporter-output>
        </test-method> <!-- validCredentailsTest -->
        <test-method is-config="true" signature="tearDown()[pri:0, instance:com.sg.test.LoginTest@34f5090e]" started-at="2021-08-13T17:27:15 IST" name="tearDown" finished-at="2021-08-13T17:27:15 IST" duration-ms="112" status="PASS">
          <reporter-output>
          </reporter-output>
        </test-method> <!-- tearDown -->
      </class> <!-- com.sg.test.LoginTest -->
    </test> <!-- Default test -->
  </suite> <!-- Default suite -->
</testng-results>
