<?xml version="1.0" encoding="UTF-8"?>
<testng-results ignored="0" total="5" passed="5" failed="0" skipped="0">
  <reporter-output>
  </reporter-output>
  <suite started-at="2021-08-14T16:36:03 IST" name="Default suite" finished-at="2021-08-14T16:36:41 IST" duration-ms="37290">
    <groups>
    </groups>
    <test started-at="2021-08-14T16:36:03 IST" name="Default test" finished-at="2021-08-14T16:36:41 IST" duration-ms="37290">
      <class name="com.sg.test.LoginTest">
        <test-method is-config="true" signature="setup()[pri:0, instance:com.sg.test.LoginTest@4fb3ee4e]" started-at="2021-08-14T16:36:04 IST" name="setup" finished-at="2021-08-14T16:36:08 IST" duration-ms="4598" status="PASS">
          <reporter-output>
          </reporter-output>
        </test-method> <!-- setup -->
        <test-method signature="InvalidCredentailsTest(java.lang.String,java.lang.String,java.lang.String,java.lang.String)[pri:0, instance:com.sg.test.LoginTest@4fb3ee4e]" started-at="2021-08-14T16:36:08 IST" name="InvalidCredentailsTest" data-provider="invalidCredentailsData" finished-at="2021-08-14T16:36:10 IST" duration-ms="1278" status="PASS">
          <params>
            <param index="0">
              <value>
                <![CDATA[admin11]]>
              </value>
            </param>
            <param index="1">
              <value>
                <![CDATA[pass]]>
              </value>
            </param>
            <param index="2">
              <value>
                <![CDATA[English (Indian)]]>
              </value>
            </param>
            <param index="3">
              <value>
                <![CDATA[Invalid username or password]]>
              </value>
            </param>
          </params>
          <reporter-output>
          </reporter-output>
        </test-method> <!-- InvalidCredentailsTest -->
        <test-method is-config="true" signature="tearDown()[pri:0, instance:com.sg.test.LoginTest@4fb3ee4e]" started-at="2021-08-14T16:36:10 IST" name="tearDown" finished-at="2021-08-14T16:36:10 IST" duration-ms="111" status="PASS">
          <reporter-output>
          </reporter-output>
        </test-method> <!-- tearDown -->
        <test-method is-config="true" signature="setup()[pri:0, instance:com.sg.test.LoginTest@4fb3ee4e]" started-at="2021-08-14T16:36:10 IST" name="setup" finished-at="2021-08-14T16:36:14 IST" duration-ms="3974" status="PASS">
          <reporter-output>
          </reporter-output>
        </test-method> <!-- setup -->
        <test-method signature="InvalidCredentailsTest(java.lang.String,java.lang.String,java.lang.String,java.lang.String)[pri:0, instance:com.sg.test.LoginTest@4fb3ee4e]" started-at="2021-08-14T16:36:14 IST" name="InvalidCredentailsTest" data-provider="invalidCredentailsData" finished-at="2021-08-14T16:36:15 IST" duration-ms="1211" status="PASS">
          <params>
            <param index="0">
              <value>
                <![CDATA[admin12]]>
              </value>
            </param>
            <param index="1">
              <value>
                <![CDATA[pass]]>
              </value>
            </param>
            <param index="2">
              <value>
                <![CDATA[English (Indian)]]>
              </value>
            </param>
            <param index="3">
              <value>
                <![CDATA[Invalid username or password]]>
              </value>
            </param>
          </params>
          <reporter-output>
          </reporter-output>
        </test-method> <!-- InvalidCredentailsTest -->
        <test-method is-config="true" signature="tearDown()[pri:0, instance:com.sg.test.LoginTest@4fb3ee4e]" started-at="2021-08-14T16:36:15 IST" name="tearDown" finished-at="2021-08-14T16:36:15 IST" duration-ms="106" status="PASS">
          <reporter-output>
          </reporter-output>
        </test-method> <!-- tearDown -->
        <test-method is-config="true" signature="setup()[pri:0, instance:com.sg.test.LoginTest@4fb3ee4e]" started-at="2021-08-14T16:36:15 IST" name="setup" finished-at="2021-08-14T16:36:20 IST" duration-ms="4788" status="PASS">
          <reporter-output>
          </reporter-output>
        </test-method> <!-- setup -->
        <test-method signature="validCredentailsTest(java.lang.String,java.lang.String,java.lang.String,java.lang.String)[pri:0, instance:com.sg.test.LoginTest@4fb3ee4e]" started-at="2021-08-14T16:36:20 IST" name="validCredentailsTest" data-provider="validCredentailsData" finished-at="2021-08-14T16:36:23 IST" duration-ms="3466" status="PASS">
          <params>
            <param index="0">
              <value>
                <![CDATA[admin]]>
              </value>
            </param>
            <param index="1">
              <value>
                <![CDATA[pass]]>
              </value>
            </param>
            <param index="2">
              <value>
                <![CDATA[English (Indian)]]>
              </value>
            </param>
            <param index="3">
              <value>
                <![CDATA[OpenEMR]]>
              </value>
            </param>
          </params>
          <reporter-output>
          </reporter-output>
        </test-method> <!-- validCredentailsTest -->
        <test-method is-config="true" signature="tearDown()[pri:0, instance:com.sg.test.LoginTest@4fb3ee4e]" started-at="2021-08-14T16:36:23 IST" name="tearDown" finished-at="2021-08-14T16:36:23 IST" duration-ms="110" status="PASS">
          <reporter-output>
          </reporter-output>
        </test-method> <!-- tearDown -->
        <test-method is-config="true" signature="setup()[pri:0, instance:com.sg.test.LoginTest@4fb3ee4e]" started-at="2021-08-14T16:36:23 IST" name="setup" finished-at="2021-08-14T16:36:29 IST" duration-ms="5954" status="PASS">
          <reporter-output>
          </reporter-output>
        </test-method> <!-- setup -->
        <test-method signature="validCredentailsTest(java.lang.String,java.lang.String,java.lang.String,java.lang.String)[pri:0, instance:com.sg.test.LoginTest@4fb3ee4e]" started-at="2021-08-14T16:36:29 IST" name="validCredentailsTest" data-provider="validCredentailsData" finished-at="2021-08-14T16:36:33 IST" duration-ms="3442" status="PASS">
          <params>
            <param index="0">
              <value>
                <![CDATA[physician]]>
              </value>
            </param>
            <param index="1">
              <value>
                <![CDATA[physician]]>
              </value>
            </param>
            <param index="2">
              <value>
                <![CDATA[English (Indian)]]>
              </value>
            </param>
            <param index="3">
              <value>
                <![CDATA[OpenEMR]]>
              </value>
            </param>
          </params>
          <reporter-output>
          </reporter-output>
        </test-method> <!-- validCredentailsTest -->
        <test-method is-config="true" signature="tearDown()[pri:0, instance:com.sg.test.LoginTest@4fb3ee4e]" started-at="2021-08-14T16:36:33 IST" name="tearDown" finished-at="2021-08-14T16:36:33 IST" duration-ms="127" status="PASS">
          <reporter-output>
          </reporter-output>
        </test-method> <!-- tearDown -->
        <test-method is-config="true" signature="setup()[pri:0, instance:com.sg.test.LoginTest@4fb3ee4e]" started-at="2021-08-14T16:36:33 IST" name="setup" finished-at="2021-08-14T16:36:37 IST" duration-ms="4044" status="PASS">
          <reporter-output>
          </reporter-output>
        </test-method> <!-- setup -->
        <test-method signature="validCredentailsTest(java.lang.String,java.lang.String,java.lang.String,java.lang.String)[pri:0, instance:com.sg.test.LoginTest@4fb3ee4e]" started-at="2021-08-14T16:36:37 IST" name="validCredentailsTest" data-provider="validCredentailsData" finished-at="2021-08-14T16:36:40 IST" duration-ms="3540" status="PASS">
          <params>
            <param index="0">
              <value>
                <![CDATA[accountant]]>
              </value>
            </param>
            <param index="1">
              <value>
                <![CDATA[accountant]]>
              </value>
            </param>
            <param index="2">
              <value>
                <![CDATA[English (Indian)]]>
              </value>
            </param>
            <param index="3">
              <value>
                <![CDATA[OpenEMR]]>
              </value>
            </param>
          </params>
          <reporter-output>
          </reporter-output>
        </test-method> <!-- validCredentailsTest -->
        <test-method is-config="true" signature="tearDown()[pri:0, instance:com.sg.test.LoginTest@4fb3ee4e]" started-at="2021-08-14T16:36:40 IST" name="tearDown" finished-at="2021-08-14T16:36:41 IST" duration-ms="108" status="PASS">
          <reporter-output>
          </reporter-output>
        </test-method> <!-- tearDown -->
      </class> <!-- com.sg.test.LoginTest -->
    </test> <!-- Default test -->
  </suite> <!-- Default suite -->
</testng-results>
