<?xml version="1.0" encoding="UTF-8"?>
<testng-results ignored="1" total="2" passed="1" failed="0" skipped="0">
  <reporter-output>
  </reporter-output>
  <suite started-at="2021-08-14T11:28:09 IST" name="Default suite" finished-at="2021-08-14T11:28:17 IST" duration-ms="7890">
    <groups>
    </groups>
    <test started-at="2021-08-14T11:28:09 IST" name="Default test" finished-at="2021-08-14T11:28:17 IST" duration-ms="7890">
      <class name="com.sg.test.LoginTest">
        <test-method is-config="true" signature="setup()[pri:0, instance:com.sg.test.LoginTest@702b8b12]" started-at="2021-08-14T11:28:09 IST" name="setup" finished-at="2021-08-14T11:28:13 IST" duration-ms="4321" status="PASS">
          <reporter-output>
          </reporter-output>
        </test-method> <!-- setup -->
        <test-method signature="validCredentailsTest()[pri:0, instance:com.sg.test.LoginTest@702b8b12]" started-at="2021-08-14T11:28:13 IST" name="validCredentailsTest" finished-at="2021-08-14T11:28:16 IST" duration-ms="3429" status="PASS">
          <reporter-output>
          </reporter-output>
        </test-method> <!-- validCredentailsTest -->
        <test-method is-config="true" signature="tearDown()[pri:0, instance:com.sg.test.LoginTest@702b8b12]" started-at="2021-08-14T11:28:16 IST" name="tearDown" finished-at="2021-08-14T11:28:17 IST" duration-ms="112" status="PASS">
          <reporter-output>
          </reporter-output>
        </test-method> <!-- tearDown -->
      </class> <!-- com.sg.test.LoginTest -->
    </test> <!-- Default test -->
  </suite> <!-- Default suite -->
</testng-results>
